<?xml version="1.0" encoding="UTF-8"?>
<!-- Generated by org.testng.reporters.JUnitXMLReporter -->
<testsuite hostname="EPINPUNW0039" ignored="2" name="Test" tests="1" failures="1" timestamp="22 Aug 2018 13:44:47 GMT" time="8.222" errors="0">
  <testcase name="onewayTrip" time="1.603" classname="com.epam.cleartrip.step.OneWayTripTest">
    <failure type="org.openqa.selenium.WebDriverException" message="unknown error: Element &amp;lt;select size=&amp;quot;1&amp;quot; name=&amp;quot;adults&amp;quot; id=&amp;quot;Adults&amp;quot; tabindex=&amp;quot;7&amp;quot; class=&amp;quot;span span15&amp;quot;&amp;gt;...&amp;lt;/select&amp;gt; is not clickable at point (702, 414). Other element would receive the click: &amp;lt;span title=&amp;quot;...uesday&amp;quot;&amp;gt;T&amp;lt;/span&amp;gt;
  (Session info: chrome=68.0.3440.106)
  (Driver info: chromedriver=2.41.578737 (49da6702b16031c40d63e5618de03a32ff6c197e),platform=Windows NT 10.0.16299 x86_64) (WARNING: The server did not provide any stacktrace information)
Command duration or timeout: 34 milliseconds
Build info: version: &amp;apos;2.53.0&amp;apos;, revision: &amp;apos;35ae25b1534ae328c771e0856c93e187490ca824&amp;apos;, time: &amp;apos;2016-03-15 10:43:46&amp;apos;
System info: host: &amp;apos;EPINPUNW0039&amp;apos;, ip: &amp;apos;10.22.94.84&amp;apos;, os.name: &amp;apos;Windows 10&amp;apos;, os.arch: &amp;apos;amd64&amp;apos;, os.version: &amp;apos;10.0&amp;apos;, java.version: &amp;apos;1.8.0_121&amp;apos;
Driver info: org.openqa.selenium.chrome.ChromeDriver
Capabilities [{mobileEmulationEnabled=false, hasTouchScreen=false, platform=XP, acceptSslCerts=false, goog:chromeOptions={debuggerAddress=localhost:61363}, acceptInsecureCerts=false, webStorageEnabled=true, browserName=chrome, takesScreenshot=true, javascriptEnabled=true, setWindowRect=true, unexpectedAlertBehaviour=, applicationCacheEnabled=false, rotatable=false, networkConnectionEnabled=false, chrome={chromedriverVersion=2.41.578737 (49da6702b16031c40d63e5618de03a32ff6c197e), userDataDir=C:\Users\PRIYA_~1\AppData\Local\Temp\scoped_dir10580_7746}, takesHeapSnapshot=true, pageLoadStrategy=normal, databaseEnabled=false, handlesAlerts=true, version=68.0.3440.106, browserConnectionEnabled=false, nativeEvents=true, locationContextEnabled=true, cssSelectorsEnabled=true}]
Session ID: ff3a41a5027fe5a06447a882d408144c">
      <![CDATA[org.openqa.selenium.WebDriverException: unknown error: Element <select size="1" name="adults" id="Adults" tabindex="7" class="span span15">...</select> is not clickable at point (702, 414). Other element would receive the click: <span title="...uesday">T</span>
  (Session info: chrome=68.0.3440.106)
  (Driver info: chromedriver=2.41.578737 (49da6702b16031c40d63e5618de03a32ff6c197e),platform=Windows NT 10.0.16299 x86_64) (WARNING: The server did not provide any stacktrace information)
Command duration or timeout: 34 milliseconds
Build info: version: '2.53.0', revision: '35ae25b1534ae328c771e0856c93e187490ca824', time: '2016-03-15 10:43:46'
System info: host: 'EPINPUNW0039', ip: '10.22.94.84', os.name: 'Windows 10', os.arch: 'amd64', os.version: '10.0', java.version: '1.8.0_121'
Driver info: org.openqa.selenium.chrome.ChromeDriver
Capabilities [{mobileEmulationEnabled=false, hasTouchScreen=false, platform=XP, acceptSslCerts=false, goog:chromeOptions={debuggerAddress=localhost:61363}, acceptInsecureCerts=false, webStorageEnabled=true, browserName=chrome, takesScreenshot=true, javascriptEnabled=true, setWindowRect=true, unexpectedAlertBehaviour=, applicationCacheEnabled=false, rotatable=false, networkConnectionEnabled=false, chrome={chromedriverVersion=2.41.578737 (49da6702b16031c40d63e5618de03a32ff6c197e), userDataDir=C:\Users\PRIYA_~1\AppData\Local\Temp\scoped_dir10580_7746}, takesHeapSnapshot=true, pageLoadStrategy=normal, databaseEnabled=false, handlesAlerts=true, version=68.0.3440.106, browserConnectionEnabled=false, nativeEvents=true, locationContextEnabled=true, cssSelectorsEnabled=true}]
Session ID: ff3a41a5027fe5a06447a882d408144c
at org.openqa.selenium.remote.ErrorHandler.createThrowable(ErrorHandler.java:206)
at org.openqa.selenium.remote.ErrorHandler.throwIfResponseFailed(ErrorHandler.java:158)
at org.openqa.selenium.remote.RemoteWebDriver.execute(RemoteWebDriver.java:678)
at org.openqa.selenium.remote.RemoteWebElement.execute(RemoteWebElement.java:327)
at org.openqa.selenium.remote.RemoteWebElement.click(RemoteWebElement.java:85)
at org.openqa.selenium.support.pagefactory.internal.LocatingElementHandler.invoke(LocatingElementHandler.java:51)
at com.sun.proxy.$Proxy8.click(Unknown Source)
at com.epam.cleartrip.page.HomePage.selectAdult(HomePage.java:57)
at com.epam.cleartrip.step.OneWayTripTest.onewayTrip(OneWayTripTest.java:21)
... Removed 33 stack frames]]>
    </failure>
  </testcase> <!-- onewayTrip -->
  <testcase name="@BeforeTest selectBrowser" time="0.0" classname="com.epam.cleartrip.suitBase.BaseUtilityClearTrip">
    <ignored/>
  </testcase> <!-- @BeforeTest selectBrowser -->
  <testcase name="@AfterSuite tearDown" time="0.0" classname="com.epam.cleartrip.suitBase.BaseUtilityClearTrip">
    <ignored/>
  </testcase> <!-- @AfterSuite tearDown -->
</testsuite> <!-- Test -->
